\BOOKMARK [1][]{section.1}{\376\377\0001\000\040\000I\000n\000t\000r\000o\000d\000u\000c\000t\000i\000o\000n}{}% 1
\BOOKMARK [1][]{section.2}{\376\377\0002\000\040\000F\000F\000O\000R\000M\000S\000\040\000A\000p\000p\000l\000i\000c\000a\000t\000i\000o\000n\000\040\000t\000o\000\040\000M\0004\000\040\000c\000o\000m\000p\000e\000t\000i\000t\000i\000o\000n\000\040\000d\000a\000t\000a}{}% 2
\BOOKMARK [2][]{subsection.2.1}{\376\377\0002\000.\0001\000\040\000F\000F\000O\000R\000M\000S\000\040\000f\000r\000a\000m\000e\000w\000o\000r\000k\000:\000\040\000o\000f\000f\000l\000i\000n\000e\000\040\000p\000h\000a\000s\000e}{section.2}% 3
\BOOKMARK [3][]{subsubsection.2.1.1}{\376\377\0002\000.\0001\000.\0001\000\040\000o\000b\000s\000e\000r\000v\000e\000d\000\040\000s\000a\000m\000p\000l\000e}{subsection.2.1}% 4
\BOOKMARK [3][]{subsubsection.2.1.2}{\376\377\0002\000.\0001\000.\0002\000\040\000s\000i\000m\000u\000l\000a\000t\000e\000d\000\040\000t\000i\000m\000e\000\040\000s\000e\000r\000i\000e\000s}{subsection.2.1}% 5
\BOOKMARK [3][]{subsubsection.2.1.3}{\376\377\0002\000.\0001\000.\0003\000\040\000I\000n\000p\000u\000t\000:\000\040\000f\000e\000a\000t\000u\000r\000e\000s}{subsection.2.1}% 6
\BOOKMARK [3][]{subsubsection.2.1.4}{\376\377\0002\000.\0001\000.\0004\000\040\000O\000u\000t\000p\000u\000t\000:\000\040\000c\000l\000a\000s\000s\000-\000l\000a\000b\000e\000l\000s}{subsection.2.1}% 7
\BOOKMARK [3][]{subsubsection.2.1.5}{\376\377\0002\000.\0001\000.\0005\000\040\000T\000r\000a\000i\000n\000\040\000a\000\040\000r\000a\000n\000d\000o\000m\000\040\000f\000o\000r\000e\000s\000t\000\040\000c\000l\000a\000s\000s\000i\000f\000i\000e\000r}{subsection.2.1}% 8
\BOOKMARK [2][]{subsection.2.2}{\376\377\0002\000.\0002\000\040\000F\000F\000O\000R\000M\000S\000\040\000f\000r\000a\000m\000e\000w\000o\000r\000k\000:\000\040\000o\000n\000l\000i\000n\000e\000\040\000p\000h\000a\000s\000e}{section.2}% 9
\BOOKMARK [1][]{section.3}{\376\377\0003\000\040\000P\000e\000e\000k\000i\000n\000g\000\040\000i\000n\000s\000i\000d\000e\000\040\000F\000F\000O\000R\000M\000S}{}% 10
\BOOKMARK [2][]{subsection.3.1}{\376\377\0003\000.\0001\000\040\000M\000o\000d\000e\000l\000-\000d\000i\000a\000g\000n\000o\000s\000t\000i\000c\000s}{section.3}% 11
\BOOKMARK [3][]{subsubsection.3.1.1}{\376\377\0003\000.\0001\000.\0001\000\040\000O\000u\000t\000-\000o\000f\000-\000b\000a\000g\000\040\000\050\000O\000O\000B\000\051\000\040\000e\000r\000r\000o\000r\000\040\000a\000n\000d\000\040\000u\000n\000c\000e\000r\000t\000a\000i\000n\000t\000y\000\040\000m\000e\000a\000s\000u\000r\000e\000\040\000f\000o\000r\000\040\000e\000a\000c\000h\000\040\000o\000b\000s\000e\000r\000v\000a\000t\000i\000o\000n}{subsection.3.1}% 12
\BOOKMARK [3][]{subsubsection.3.1.2}{\376\377\0003\000.\0001\000.\0002\000\040\000R\000e\000p\000r\000e\000s\000e\000n\000t\000a\000t\000i\000o\000n\000\040\000o\000f\000\040\000m\000o\000d\000e\000l\000\040\000i\000n\000\040\000t\000h\000e\000\040\000d\000a\000t\000a\000\040\000s\000p\000a\000c\000e\000\040\000\050\000m\000-\000i\000n\000-\000d\000s\000\051\000\040\000a\000n\000d\000\040\000d\000a\000t\000a\000\040\000i\000n\000\040\000t\000h\000e\000\040\000m\000o\000d\000e\000l\000\040\000s\000p\000a\000c\000e\000\040\000\050\000d\000-\000i\000n\000-\000m\000s\000\051}{subsection.3.1}% 13
\BOOKMARK [2][]{subsection.3.2}{\376\377\0003\000.\0002\000\040\000M\000a\000c\000h\000i\000n\000e\000\040\000L\000e\000a\000r\000n\000i\000n\000g\000\040\000I\000n\000t\000e\000r\000p\000r\000e\000t\000a\000b\000i\000l\000i\000t\000y}{section.3}% 14
\BOOKMARK [2][]{subsection.3.3}{\376\377\0003\000.\0003\000\040\000G\000e\000n\000e\000r\000a\000l\000\040\000N\000o\000t\000a\000t\000i\000o\000n}{section.3}% 15
\BOOKMARK [2][]{subsection.3.4}{\376\377\0003\000.\0004\000\040\000G\000l\000o\000b\000a\000l\000\040\000I\000n\000t\000e\000r\000p\000r\000e\000t\000a\000b\000i\000l\000i\000t\000y\000\040\000M\000e\000t\000h\000o\000d\000s}{section.3}% 16
\BOOKMARK [2][]{subsection.3.5}{\376\377\0003\000.\0005\000\040\000A\000n\000a\000l\000y\000s\000i\000s\000\040\000o\000f\000\040\000F\000e\000a\000t\000u\000r\000e\000\040\000c\000o\000n\000t\000r\000i\000b\000u\000t\000i\000o\000n}{section.3}% 17
\BOOKMARK [3][]{subsubsection.3.5.1}{\376\377\0003\000.\0005\000.\0001\000\040\000M\000e\000a\000n\000\040\000d\000e\000c\000r\000e\000a\000s\000e\000\040\000i\000n\000\040\000G\000i\000n\000i\000\040\000c\000o\000e\000f\000f\000i\000c\000i\000e\000n\000t}{subsection.3.5}% 18
\BOOKMARK [3][]{subsubsection.3.5.2}{\376\377\0003\000.\0005\000.\0002\000\040\000P\000e\000r\000m\000u\000t\000a\000t\000i\000o\000n\000-\000b\000a\000s\000e\000d\000\040\000v\000a\000r\000i\000a\000b\000l\000e\000\040\000i\000m\000p\000o\000r\000t\000a\000n\000c\000e\000\040\000m\000e\000a\000s\000u\000r\000e}{subsection.3.5}% 19
\BOOKMARK [3][]{subsubsection.3.5.3}{\376\377\0003\000.\0005\000.\0003\000\040\000P\000a\000r\000t\000i\000a\000l\000\040\000d\000e\000p\000e\000n\000d\000e\000n\000c\000e\000\040\000p\000l\000o\000t\000\040\000\050\000P\000D\000P\000\051}{subsection.3.5}% 20
\BOOKMARK [3][]{subsubsection.3.5.4}{\376\377\0003\000.\0005\000.\0004\000\040\000V\000a\000r\000i\000a\000b\000l\000e\000\040\000i\000m\000p\000o\000r\000t\000a\000n\000c\000e\000\040\000m\000e\000a\000s\000u\000r\000e\000\040\000b\000a\000s\000e\000d\000\040\000o\000n\000\040\000P\000D\000P}{subsection.3.5}% 21
\BOOKMARK [3][]{subsubsection.3.5.5}{\376\377\0003\000.\0005\000.\0005\000\040\000I\000n\000d\000i\000v\000i\000d\000u\000a\000l\000\040\000C\000o\000n\000d\000i\000t\000i\000o\000n\000a\000l\000\040\000E\000x\000p\000e\000c\000t\000a\000t\000i\000o\000n\000\040\000\050\000I\000C\000E\000\051\000\040\000c\000u\000r\000v\000e\000s}{subsection.3.5}% 22
\BOOKMARK [3][]{subsubsection.3.5.6}{\376\377\0003\000.\0005\000.\0006\000\040\000V\000a\000r\000i\000a\000b\000l\000e\000\040\000i\000m\000p\000o\000r\000t\000a\000n\000c\000e\000\040\000m\000e\000a\000s\000u\000r\000e\000\040\000b\000a\000s\000e\000d\000\040\000o\000n\000\040\000I\000C\000E\000\040\000c\000u\000r\000v\000e\000s}{subsection.3.5}% 23
\BOOKMARK [2][]{subsection.3.6}{\376\377\0003\000.\0006\000\040\000A\000s\000s\000e\000s\000s\000m\000e\000n\000t\000\040\000o\000f\000\040\000I\000n\000t\000e\000r\000a\000c\000t\000i\000o\000n\000\040\000E\000f\000f\000e\000c\000t}{section.3}% 24
\BOOKMARK [2][]{subsection.3.7}{\376\377\0003\000.\0007\000\040\000L\000o\000c\000a\000l\000\040\000I\000n\000t\000e\000r\000p\000r\000e\000t\000a\000b\000l\000e\000\040\000M\000o\000d\000e\000l\000-\000a\000g\000n\000o\000s\000t\000i\000c\000\040\000E\000x\000p\000l\000a\000n\000a\000t\000i\000o\000n\000s\000\040\000\050\000L\000I\000M\000E\000\051}{section.3}% 25
\BOOKMARK [1][]{section.4}{\376\377\0004\000\040\000R\000e\000s\000u\000l\000t\000s}{}% 26
\BOOKMARK [2][]{subsection.4.1}{\376\377\0004\000.\0001\000\040\000Y\000e\000a\000r\000l\000y\000\040\000d\000a\000t\000a}{section.4}% 27
\BOOKMARK [2][]{subsection.4.2}{\376\377\0004\000.\0002\000\040\000Q\000u\000a\000r\000t\000e\000r\000l\000y\000\040\000a\000n\000d\000\040\000M\000o\000n\000t\000h\000l\000y\000\040\000d\000a\000t\000a}{section.4}% 28
\BOOKMARK [2][]{subsection.4.3}{\376\377\0004\000.\0003\000\040\000W\000e\000e\000k\000l\000y}{section.4}% 29
\BOOKMARK [2][]{subsection.4.4}{\376\377\0004\000.\0004\000\040\000D\000a\000i\000l\000y\000\040\000a\000n\000d\000\040\000H\000o\000u\000r\000l\000y\000\040\000d\000a\000t\000a}{section.4}% 30
\BOOKMARK [2][]{subsection.4.5}{\376\377\0004\000.\0005\000\040\000L\000o\000c\000a\000l\000\040\000I\000n\000t\000e\000r\000p\000r\000e\000t\000a\000b\000l\000e\000\040\000M\000o\000d\000e\000l\000-\000a\000g\000n\000o\000s\000t\000i\000c\000\040\000E\000x\000p\000l\000a\000n\000a\000t\000i\000o\000n\000s}{section.4}% 31
\BOOKMARK [1][]{section.5}{\376\377\0005\000\040\000D\000i\000s\000c\000u\000s\000s\000i\000o\000n\000\040\000a\000n\000d\000\040\000C\000o\000n\000c\000l\000u\000s\000i\000o\000n\000s}{}% 32
\BOOKMARK [1][]{section.5}{\376\377\000A\000p\000p\000e\000n\000d\000i\000x}{}% 33
